\BOOKMARK [0][-]{toc.0}{\376\377\000\315\000N\000D\000I\000C\000E\000\040\000D\000E\000\040\000C\000O\000N\000T\000E\000N\000I\000D\000O\000S}{}% 1
\BOOKMARK [0][-]{section*.1}{\376\377\000\315\000N\000D\000I\000C\000E\000\040\000D\000E\000\040\000F\000I\000G\000U\000R\000A\000S}{}% 2
\BOOKMARK [0][-]{section*.2}{\376\377\000\315\000N\000D\000I\000C\000E\000\040\000D\000E\000\040\000T\000A\000B\000L\000A\000S}{}% 3
\BOOKMARK [0][-]{chapter.1}{\376\377\0001\000.\000\040\000D\000E\000S\000C\000R\000I\000P\000C\000I\000O\000N\000\040\000G\000E\000N\000E\000R\000A\000L\000\040\000D\000E\000\040\000L\000A\000\040\000E\000M\000P\000R\000E\000S\000A}{}% 4
\BOOKMARK [0][-]{chapter.2}{\376\377\0002\000.\000\040\000R\000O\000L\000E\000S\000\040\000Y\000\040\000R\000E\000S\000P\000O\000N\000S\000A\000B\000I\000L\000I\000D\000A\000D\000E\000S\000\040\000D\000E\000\040\000L\000A\000\040\000P\000R\000A\000C\000T\000I\000C\000A}{}% 5
\BOOKMARK [1][-]{section.2.1}{\376\377\0002\000.\0001\000.\000\040\000D\000e\000s\000c\000r\000i\000p\000c\000i\000\363\000n\000\040\000G\000e\000n\000e\000r\000a\000l\000\040\000d\000e\000\040\000l\000a\000\040\000P\000o\000s\000i\000c\000i\000\363\000n\000:\000\040\000C\000o\000u\000r\000i\000e\000r\000\040\000B\000u\000s\000i\000n\000e\000s\000s\000\040\000I\000n\000t\000e\000r\000n\000\040}{chapter.2}% 6
\BOOKMARK [1][-]{section.2.2}{\376\377\0002\000.\0002\000.\000\040\000R\000e\000s\000p\000o\000n\000s\000a\000b\000i\000l\000i\000d\000a\000d\000e\000s\000\040\000C\000l\000a\000v\000e\000\040}{chapter.2}% 7
\BOOKMARK [2][-]{subsection.2.2.1}{\376\377\0002\000.\0002\000.\0001\000.\000\040\000A\000n\000\341\000l\000i\000s\000i\000s\000\040\000d\000e\000\040\000D\000a\000t\000o\000s\000\040\000y\000\040\000R\000e\000p\000o\000r\000t\000e}{section.2.2}% 8
\BOOKMARK [2][-]{subsection.2.2.2}{\376\377\0002\000.\0002\000.\0002\000.\000\040\000S\000o\000p\000o\000r\000t\000e\000\040\000e\000n\000\040\000O\000p\000e\000r\000a\000c\000i\000o\000n\000e\000s}{section.2.2}% 9
\BOOKMARK [2][-]{subsection.2.2.3}{\376\377\0002\000.\0002\000.\0003\000.\000\040\000P\000r\000e\000s\000e\000n\000t\000a\000c\000i\000\363\000n\000\040\000y\000\040\000T\000o\000m\000a\000\040\000d\000e\000\040\000D\000e\000c\000i\000s\000i\000o\000n\000e\000s}{section.2.2}% 10
\BOOKMARK [1][-]{section.2.3}{\376\377\0002\000.\0003\000.\000\040\000H\000e\000r\000r\000a\000m\000i\000e\000n\000t\000a\000s\000\040\000y\000\040\000T\000e\000c\000n\000o\000l\000o\000g\000\355\000a\000s\000\040\000U\000t\000i\000l\000i\000z\000a\000d\000a\000s\000\040}{chapter.2}% 11
\BOOKMARK [0][-]{chapter.3}{\376\377\0003\000.\000\040\000P\000R\000O\000Y\000E\000C\000T\000O\000S\000\040\000Y\000\040\000T\000A\000R\000E\000A\000S}{}% 12
\BOOKMARK [1][-]{section.3.1}{\376\377\0003\000.\0001\000.\000\040\000F\000i\000g\000u\000r\000e\000s\000\040\000a\000n\000d\000\040\000T\000a\000b\000l\000e\000s\000\040}{chapter.3}% 13
\BOOKMARK [1][-]{section.3.2}{\376\377\0003\000.\0002\000.\000\040\000E\000q\000u\000a\000t\000i\000o\000n\000s\000\040}{chapter.3}% 14
\BOOKMARK [0][-]{chapter.4}{\376\377\0004\000.\000\040\000R\000E\000F\000L\000E\000C\000C\000I\000O\000N\000E\000S\000\040\000Y\000\040\000L\000E\000C\000C\000I\000O\000N\000E\000S\000\040\000A\000P\000R\000E\000N\000D\000I\000D\000A\000S}{}% 15
\BOOKMARK [0][-]{chapter.5}{\376\377\0005\000.\000\040\000C\000O\000N\000C\000L\000U\000S\000I\000O\000N\000S\000E\000S}{}% 16
\BOOKMARK [0][-]{chapter*.5}{\376\377\000R\000E\000F\000E\000R\000E\000N\000C\000I\000A\000S}{}% 17
\BOOKMARK [0][-]{appendix*.6}{\376\377\000A\000N\000E\000X\000O}{}% 18
\BOOKMARK [1][-]{section.Alph0.1}{\376\377\000A\000.\000\040\000F\000i\000r\000s\000t\000\040\000A\000p\000p\000e\000n\000d\000i\000x}{appendix*.6}% 19
\BOOKMARK [1][-]{section.Alph0.2}{\376\377\000B\000.\000\040\000A\000n\000\040\000I\000n\000t\000e\000r\000e\000s\000t\000i\000n\000g\000\040\000S\000h\000o\000r\000t\000\040\000S\000t\000o\000r\000y}{appendix*.6}% 20
